  [1m[35m (3.1ms)[0m  [1m[34mSELECT sqlite_version(*)[0m
  ↳ bin/rails:9
  [1m[35m (5.9ms)[0m  [1m[35mCREATE TABLE "schema_migrations" ("version" varchar NOT NULL PRIMARY KEY)[0m
  ↳ bin/rails:9
  [1m[35m (2.5ms)[0m  [1m[35mCREATE TABLE "ar_internal_metadata" ("key" varchar NOT NULL PRIMARY KEY, "value" varchar, "created_at" datetime NOT NULL, "updated_at" datetime NOT NULL)[0m
  ↳ bin/rails:9
  [1m[35m (1.1ms)[0m  [1m[34mSELECT "schema_migrations"."version" FROM "schema_migrations" ORDER BY "schema_migrations"."version" ASC[0m
  ↳ bin/rails:9
Migrating to CreateAnimals (20180515015417)
  [1m[35m (0.1ms)[0m  [1m[36mbegin transaction[0m
  ↳ bin/rails:9
  [1m[35m (0.9ms)[0m  [1m[35mCREATE TABLE "animals" ("id" integer PRIMARY KEY AUTOINCREMENT NOT NULL, "name" text, "species" text, "description" text, "image_url" text, "age" integer, "roundness" integer, "alive" boolean, "created_at" datetime NOT NULL, "updated_at" datetime NOT NULL)[0m
  ↳ db/migrate/20180515015417_create_animals.rb:3
  [1m[36mActiveRecord::SchemaMigration Create (2.2ms)[0m  [1m[32mINSERT INTO "schema_migrations" ("version") VALUES (?)[0m  [["version", "20180515015417"]]
  ↳ bin/rails:9
  [1m[35m (3.6ms)[0m  [1m[36mcommit transaction[0m
  ↳ bin/rails:9
  [1m[36mActiveRecord::InternalMetadata Load (0.4ms)[0m  [1m[34mSELECT  "ar_internal_metadata".* FROM "ar_internal_metadata" WHERE "ar_internal_metadata"."key" = ? LIMIT ?[0m  [["key", "environment"], ["LIMIT", 1]]
  ↳ bin/rails:9
  [1m[35m (0.2ms)[0m  [1m[36mbegin transaction[0m
  ↳ bin/rails:9
  [1m[36mActiveRecord::InternalMetadata Create (0.7ms)[0m  [1m[32mINSERT INTO "ar_internal_metadata" ("key", "value", "created_at", "updated_at") VALUES (?, ?, ?, ?)[0m  [["key", "environment"], ["value", "development"], ["created_at", "2018-05-15 02:01:53.081078"], ["updated_at", "2018-05-15 02:01:53.081078"]]
  ↳ bin/rails:9
  [1m[35m (11.4ms)[0m  [1m[36mcommit transaction[0m
  ↳ bin/rails:9
  [1m[35m (0.3ms)[0m  [1m[34mSELECT "schema_migrations"."version" FROM "schema_migrations" ORDER BY "schema_migrations"."version" ASC[0m
  ↳ bin/rails:9
  [1m[35m (0.3ms)[0m  [1m[34mSELECT "schema_migrations"."version" FROM "schema_migrations" ORDER BY "schema_migrations"."version" ASC[0m
  ↳ bin/rails:9
  [1m[35m (0.2ms)[0m  [1m[36mbegin transaction[0m
  [1m[36mAnimal Create (3.4ms)[0m  [1m[32mINSERT INTO "animals" ("name", "species", "description", "age", "roundness", "alive", "created_at", "updated_at") VALUES (?, ?, ?, ?, ?, ?, ?, ?)[0m  [["name", "Ruby"], ["species", "Doggo"], ["description", "Heaps bouncy and happy"], ["age", 1], ["roundness", 2], ["alive", 1], ["created_at", "2018-05-15 02:22:50.491570"], ["updated_at", "2018-05-15 02:22:50.491570"]]
  [1m[35m (3.5ms)[0m  [1m[36mcommit transaction[0m
  [1m[35m (0.1ms)[0m  [1m[36mbegin transaction[0m
  [1m[35m (0.1ms)[0m  [1m[31mrollback transaction[0m
  [1m[35m (0.1ms)[0m  [1m[36mbegin transaction[0m
  [1m[36mAnimal Update (0.5ms)[0m  [1m[33mUPDATE "animals" SET "image_url" = ?, "updated_at" = ? WHERE "animals"."id" = ?[0m  [["image_url", "http://fillmurray.com/300/300"], ["updated_at", "2018-05-15 02:24:39.500277"], ["id", 1]]
  [1m[35m (5.2ms)[0m  [1m[36mcommit transaction[0m
  [1m[35m (0.1ms)[0m  [1m[36mbegin transaction[0m
  [1m[36mAnimal Create (0.7ms)[0m  [1m[32mINSERT INTO "animals" ("name", "species", "description", "age", "roundness", "alive", "created_at", "updated_at") VALUES (?, ?, ?, ?, ?, ?, ?, ?)[0m  [["name", "Oscar"], ["species", "Bin monster"], ["description", "The Grouch"], ["age", 5], ["roundness", 5], ["alive", 0], ["created_at", "2018-05-15 02:26:59.589634"], ["updated_at", "2018-05-15 02:26:59.589634"]]
  [1m[35m (3.0ms)[0m  [1m[36mcommit transaction[0m
  [1m[36mAnimal Load (0.5ms)[0m  [1m[34mSELECT "animals".* FROM "animals"[0m
  [1m[36mAnimal Load (0.4ms)[0m  [1m[34mSELECT "animals".* FROM "animals" WHERE "animals"."alive" = ?[0m  [["alive", 1]]
