  [1m[35m (0.2ms)[0m  [1m[34mSELECT sqlite_version(*)[0m
  ↳ bin/rails:4
  [1m[35m (5.1ms)[0m  [1m[35mCREATE TABLE "schema_migrations" ("version" varchar NOT NULL PRIMARY KEY)[0m
  ↳ bin/rails:4
  [1m[35m (11.0ms)[0m  [1m[35mCREATE TABLE "ar_internal_metadata" ("key" varchar NOT NULL PRIMARY KEY, "value" varchar, "created_at" datetime NOT NULL, "updated_at" datetime NOT NULL)[0m
  ↳ bin/rails:4
  [1m[35m (0.2ms)[0m  [1m[34mSELECT "schema_migrations"."version" FROM "schema_migrations" ORDER BY "schema_migrations"."version" ASC[0m
  ↳ bin/rails:4
Migrating to CreateFruits (20180620020027)
  [1m[35m (0.1ms)[0m  [1m[36mbegin transaction[0m
  ↳ bin/rails:4
  [1m[35m (0.7ms)[0m  [1m[35mCREATE TABLE "fruits" ("id" integer PRIMARY KEY AUTOINCREMENT NOT NULL, "created_at" datetime NOT NULL, "updated_at" datetime NOT NULL)[0m
  ↳ db/migrate/20180620020027_create_fruits.rb:3
  [1m[36mActiveRecord::SchemaMigration Create (0.4ms)[0m  [1m[32mINSERT INTO "schema_migrations" ("version") VALUES (?)[0m  [["version", "20180620020027"]]
  ↳ bin/rails:4
  [1m[35m (6.4ms)[0m  [1m[36mcommit transaction[0m
  ↳ bin/rails:4
  [1m[36mActiveRecord::InternalMetadata Load (0.3ms)[0m  [1m[34mSELECT  "ar_internal_metadata".* FROM "ar_internal_metadata" WHERE "ar_internal_metadata"."key" = ? LIMIT ?[0m  [["key", "environment"], ["LIMIT", 1]]
  ↳ bin/rails:4
  [1m[35m (0.1ms)[0m  [1m[36mbegin transaction[0m
  ↳ bin/rails:4
  [1m[36mActiveRecord::InternalMetadata Create (0.7ms)[0m  [1m[32mINSERT INTO "ar_internal_metadata" ("key", "value", "created_at", "updated_at") VALUES (?, ?, ?, ?)[0m  [["key", "environment"], ["value", "development"], ["created_at", "2018-06-20 02:00:43.722055"], ["updated_at", "2018-06-20 02:00:43.722055"]]
  ↳ bin/rails:4
  [1m[35m (2.9ms)[0m  [1m[36mcommit transaction[0m
  ↳ bin/rails:4
  [1m[35m (0.2ms)[0m  [1m[34mSELECT "schema_migrations"."version" FROM "schema_migrations" ORDER BY "schema_migrations"."version" ASC[0m
  ↳ bin/rails:4
  [1m[35m (0.1ms)[0m  [1m[36mbegin transaction[0m
  [1m[36mFruit Create (0.5ms)[0m  [1m[32mINSERT INTO "fruits" ("created_at", "updated_at") VALUES (?, ?)[0m  [["created_at", "2018-06-20 02:06:51.514135"], ["updated_at", "2018-06-20 02:06:51.514135"]]
  [1m[35m (5.8ms)[0m  [1m[36mcommit transaction[0m
  [1m[36mFruit Load (0.4ms)[0m  [1m[34mSELECT  "fruits".* FROM "fruits" ORDER BY "fruits"."id" DESC LIMIT ?[0m  [["LIMIT", 1]]
  [1m[35m (0.1ms)[0m  [1m[36mbegin transaction[0m
  [1m[36mApple Create (0.7ms)[0m  [1m[32mINSERT INTO "fruits" ("created_at", "updated_at") VALUES (?, ?)[0m  [["created_at", "2018-06-20 02:07:05.625130"], ["updated_at", "2018-06-20 02:07:05.625130"]]
  [1m[35m (3.2ms)[0m  [1m[36mcommit transaction[0m
  [1m[36mApple Load (0.3ms)[0m  [1m[34mSELECT  "fruits".* FROM "fruits" ORDER BY "fruits"."id" DESC LIMIT ?[0m  [["LIMIT", 1]]
  [1m[35m (0.2ms)[0m  [1m[34mSELECT "schema_migrations"."version" FROM "schema_migrations" ORDER BY "schema_migrations"."version" ASC[0m
  ↳ bin/rails:4
Migrating to AddNameToFruits (20180620021409)
  [1m[35m (0.2ms)[0m  [1m[36mbegin transaction[0m
  ↳ bin/rails:4
  [1m[35m (0.8ms)[0m  [1m[35mALTER TABLE "fruits" ADD "name" varchar[0m
  ↳ db/migrate/20180620021409_add_name_to_fruits.rb:3
  [1m[36mActiveRecord::SchemaMigration Create (0.3ms)[0m  [1m[32mINSERT INTO "schema_migrations" ("version") VALUES (?)[0m  [["version", "20180620021409"]]
  ↳ bin/rails:4
  [1m[35m (2.6ms)[0m  [1m[36mcommit transaction[0m
  ↳ bin/rails:4
  [1m[36mActiveRecord::InternalMetadata Load (0.2ms)[0m  [1m[34mSELECT  "ar_internal_metadata".* FROM "ar_internal_metadata" WHERE "ar_internal_metadata"."key" = ? LIMIT ?[0m  [["key", "environment"], ["LIMIT", 1]]
  ↳ bin/rails:4
  [1m[35m (0.0ms)[0m  [1m[36mbegin transaction[0m
  ↳ bin/rails:4
  [1m[35m (0.0ms)[0m  [1m[36mcommit transaction[0m
  ↳ bin/rails:4
  [1m[35m (0.2ms)[0m  [1m[34mSELECT "schema_migrations"."version" FROM "schema_migrations" ORDER BY "schema_migrations"."version" ASC[0m
  ↳ bin/rails:4
  [1m[35m (0.3ms)[0m  [1m[34mSELECT "schema_migrations"."version" FROM "schema_migrations" ORDER BY "schema_migrations"."version" ASC[0m
  ↳ bin/rails:4
Migrating to AddTypeToFruit (20180620021934)
  [1m[35m (0.1ms)[0m  [1m[36mbegin transaction[0m
  ↳ bin/rails:4
  [1m[35m (0.8ms)[0m  [1m[35mALTER TABLE "fruits" ADD "type" varchar[0m
  ↳ db/migrate/20180620021934_add_type_to_fruit.rb:3
  [1m[36mActiveRecord::SchemaMigration Create (0.2ms)[0m  [1m[32mINSERT INTO "schema_migrations" ("version") VALUES (?)[0m  [["version", "20180620021934"]]
  ↳ bin/rails:4
  [1m[35m (2.9ms)[0m  [1m[36mcommit transaction[0m
  ↳ bin/rails:4
  [1m[36mActiveRecord::InternalMetadata Load (0.3ms)[0m  [1m[34mSELECT  "ar_internal_metadata".* FROM "ar_internal_metadata" WHERE "ar_internal_metadata"."key" = ? LIMIT ?[0m  [["key", "environment"], ["LIMIT", 1]]
  ↳ bin/rails:4
  [1m[35m (0.1ms)[0m  [1m[36mbegin transaction[0m
  ↳ bin/rails:4
  [1m[35m (0.1ms)[0m  [1m[36mcommit transaction[0m
  ↳ bin/rails:4
  [1m[35m (0.2ms)[0m  [1m[34mSELECT "schema_migrations"."version" FROM "schema_migrations" ORDER BY "schema_migrations"."version" ASC[0m
  ↳ bin/rails:4
  [1m[36mFruit Load (0.5ms)[0m  [1m[34mSELECT "fruits".* FROM "fruits"[0m
  [1m[35m (0.1ms)[0m  [1m[36mbegin transaction[0m
  [1m[36mPear Create (0.5ms)[0m  [1m[32mINSERT INTO "fruits" ("created_at", "updated_at", "name", "type") VALUES (?, ?, ?, ?)[0m  [["created_at", "2018-06-20 02:20:26.785191"], ["updated_at", "2018-06-20 02:20:26.785191"], ["name", "dunno"], ["type", "Pear"]]
  [1m[35m (2.8ms)[0m  [1m[36mcommit transaction[0m
  [1m[35m (0.1ms)[0m  [1m[34mSELECT "schema_migrations"."version" FROM "schema_migrations" ORDER BY "schema_migrations"."version" ASC[0m
  ↳ bin/rails:4
Migrating to CreateShelves (20180620023011)
  [1m[35m (0.1ms)[0m  [1m[36mbegin transaction[0m
  ↳ bin/rails:4
  [1m[35m (0.1ms)[0m  [1m[34mSELECT sqlite_version(*)[0m
  ↳ db/migrate/20180620023011_create_shelves.rb:3
  [1m[35m (0.5ms)[0m  [1m[35mCREATE TABLE "shelves" ("id" integer PRIMARY KEY AUTOINCREMENT NOT NULL, "created_at" datetime NOT NULL, "updated_at" datetime NOT NULL)[0m
  ↳ db/migrate/20180620023011_create_shelves.rb:3
  [1m[36mActiveRecord::SchemaMigration Create (0.2ms)[0m  [1m[32mINSERT INTO "schema_migrations" ("version") VALUES (?)[0m  [["version", "20180620023011"]]
  ↳ bin/rails:4
  [1m[35m (2.7ms)[0m  [1m[36mcommit transaction[0m
  ↳ bin/rails:4
  [1m[36mActiveRecord::InternalMetadata Load (0.4ms)[0m  [1m[34mSELECT  "ar_internal_metadata".* FROM "ar_internal_metadata" WHERE "ar_internal_metadata"."key" = ? LIMIT ?[0m  [["key", "environment"], ["LIMIT", 1]]
  ↳ bin/rails:4
  [1m[35m (0.1ms)[0m  [1m[36mbegin transaction[0m
  ↳ bin/rails:4
  [1m[35m (0.0ms)[0m  [1m[36mcommit transaction[0m
  ↳ bin/rails:4
  [1m[35m (0.2ms)[0m  [1m[34mSELECT "schema_migrations"."version" FROM "schema_migrations" ORDER BY "schema_migrations"."version" ASC[0m
  ↳ bin/rails:4
  [1m[35m (0.2ms)[0m  [1m[34mSELECT "schema_migrations"."version" FROM "schema_migrations" ORDER BY "schema_migrations"."version" ASC[0m
  ↳ bin/rails:4
Migrating to AddShelfIdToFruits (20180620024017)
  [1m[35m (0.1ms)[0m  [1m[36mbegin transaction[0m
  ↳ bin/rails:4
  [1m[35m (0.6ms)[0m  [1m[35mALTER TABLE "fruits" ADD "shelf_id" integer[0m
  ↳ db/migrate/20180620024017_add_shelf_id_to_fruits.rb:3
  [1m[36mActiveRecord::SchemaMigration Create (0.2ms)[0m  [1m[32mINSERT INTO "schema_migrations" ("version") VALUES (?)[0m  [["version", "20180620024017"]]
  ↳ bin/rails:4
  [1m[35m (2.6ms)[0m  [1m[36mcommit transaction[0m
  ↳ bin/rails:4
  [1m[36mActiveRecord::InternalMetadata Load (0.2ms)[0m  [1m[34mSELECT  "ar_internal_metadata".* FROM "ar_internal_metadata" WHERE "ar_internal_metadata"."key" = ? LIMIT ?[0m  [["key", "environment"], ["LIMIT", 1]]
  ↳ bin/rails:4
  [1m[35m (0.1ms)[0m  [1m[36mbegin transaction[0m
  ↳ bin/rails:4
  [1m[35m (0.1ms)[0m  [1m[36mcommit transaction[0m
  ↳ bin/rails:4
  [1m[35m (0.1ms)[0m  [1m[34mSELECT "schema_migrations"."version" FROM "schema_migrations" ORDER BY "schema_migrations"."version" ASC[0m
  ↳ bin/rails:4
Started GET "/rails/info/routes" for 127.0.0.1 at 2018-06-20 16:05:33 +1000
  [1m[35m (0.7ms)[0m  [1m[34mSELECT "schema_migrations"."version" FROM "schema_migrations" ORDER BY "schema_migrations"."version" ASC[0m
  ↳ /Users/anh/.rvm/gems/ruby-2.4.1/gems/activerecord-5.2.0/lib/active_record/log_subscriber.rb:98
Processing by Rails::InfoController#routes as HTML
  Rendering /Users/anh/.rvm/gems/ruby-2.4.1/gems/railties-5.2.0/lib/rails/templates/rails/info/routes.html.erb within layouts/application
  Rendered collection of /Users/anh/.rvm/gems/ruby-2.4.1/gems/actionpack-5.2.0/lib/action_dispatch/middleware/templates/routes/_route.html.erb [6 times] (22.6ms)
  Rendered /Users/anh/.rvm/gems/ruby-2.4.1/gems/actionpack-5.2.0/lib/action_dispatch/middleware/templates/routes/_table.html.erb (33.3ms)
  Rendered /Users/anh/.rvm/gems/ruby-2.4.1/gems/railties-5.2.0/lib/rails/templates/rails/info/routes.html.erb within layouts/application (77.1ms)
Completed 200 OK in 114ms (Views: 101.0ms | ActiveRecord: 0.0ms)


Started GET "/fruits" for 127.0.0.1 at 2018-06-20 16:05:41 +1000
Processing by FruitsController#index as HTML
  Rendering fruits/index.html.erb within layouts/application
  Rendered fruits/index.html.erb within layouts/application (0.4ms)
Completed 200 OK in 690ms (Views: 686.8ms | ActiveRecord: 0.0ms)


Started GET "/anywhere/0671fc559ed3493eb63e86d4ec5462b8d786a8e8c122465e866e2c541fa9bbf2?t=&u=https%3A%2F%2Frocking42.github.io%2Fportfolio%2F&r=https%3A%2F%2Fwww.google.com.au%2F" for 127.0.0.1 at 2018-06-20 23:06:42 +1000
  
ActionController::RoutingError (No route matches [GET] "/anywhere/0671fc559ed3493eb63e86d4ec5462b8d786a8e8c122465e866e2c541fa9bbf2"):
  
actionpack (5.2.0) lib/action_dispatch/middleware/debug_exceptions.rb:65:in `call'
web-console (3.6.2) lib/web_console/middleware.rb:135:in `call_app'
web-console (3.6.2) lib/web_console/middleware.rb:30:in `block in call'
web-console (3.6.2) lib/web_console/middleware.rb:20:in `catch'
web-console (3.6.2) lib/web_console/middleware.rb:20:in `call'
actionpack (5.2.0) lib/action_dispatch/middleware/show_exceptions.rb:33:in `call'
railties (5.2.0) lib/rails/rack/logger.rb:38:in `call_app'
railties (5.2.0) lib/rails/rack/logger.rb:26:in `block in call'
activesupport (5.2.0) lib/active_support/tagged_logging.rb:71:in `block in tagged'
activesupport (5.2.0) lib/active_support/tagged_logging.rb:28:in `tagged'
activesupport (5.2.0) lib/active_support/tagged_logging.rb:71:in `tagged'
railties (5.2.0) lib/rails/rack/logger.rb:26:in `call'
sprockets-rails (3.2.1) lib/sprockets/rails/quiet_assets.rb:13:in `call'
actionpack (5.2.0) lib/action_dispatch/middleware/remote_ip.rb:81:in `call'
actionpack (5.2.0) lib/action_dispatch/middleware/request_id.rb:27:in `call'
rack (2.0.5) lib/rack/method_override.rb:22:in `call'
rack (2.0.5) lib/rack/runtime.rb:22:in `call'
activesupport (5.2.0) lib/active_support/cache/strategy/local_cache_middleware.rb:29:in `call'
actionpack (5.2.0) lib/action_dispatch/middleware/executor.rb:14:in `call'
actionpack (5.2.0) lib/action_dispatch/middleware/static.rb:127:in `call'
rack (2.0.5) lib/rack/sendfile.rb:111:in `call'
railties (5.2.0) lib/rails/engine.rb:524:in `call'
puma (3.11.4) lib/puma/configuration.rb:225:in `call'
puma (3.11.4) lib/puma/server.rb:632:in `handle_request'
puma (3.11.4) lib/puma/server.rb:446:in `process_client'
puma (3.11.4) lib/puma/server.rb:306:in `block in run'
puma (3.11.4) lib/puma/thread_pool.rb:120:in `block in spawn_thread'
  [1m[35m (2.3ms)[0m  [1m[34mSELECT "schema_migrations"."version" FROM "schema_migrations" ORDER BY "schema_migrations"."version" ASC[0m
  ↳ bin/rails:4
Migrating to CreateDogs (20180621020502)
  [1m[35m (0.2ms)[0m  [1m[36mbegin transaction[0m
  ↳ bin/rails:4
  [1m[35m (0.2ms)[0m  [1m[34mSELECT sqlite_version(*)[0m
  ↳ db/migrate/20180621020502_create_dogs.rb:3
  [1m[35m (1.0ms)[0m  [1m[35mCREATE TABLE "dogs" ("id" integer PRIMARY KEY AUTOINCREMENT NOT NULL, "name" varchar, "roundness" integer, "created_at" datetime NOT NULL, "updated_at" datetime NOT NULL)[0m
  ↳ db/migrate/20180621020502_create_dogs.rb:3
  [1m[36mActiveRecord::SchemaMigration Create (2.5ms)[0m  [1m[32mINSERT INTO "schema_migrations" ("version") VALUES (?)[0m  [["version", "20180621020502"]]
  ↳ bin/rails:4
  [1m[35m (4.3ms)[0m  [1m[36mcommit transaction[0m
  ↳ bin/rails:4
  [1m[36mActiveRecord::InternalMetadata Load (2.6ms)[0m  [1m[34mSELECT  "ar_internal_metadata".* FROM "ar_internal_metadata" WHERE "ar_internal_metadata"."key" = ? LIMIT ?[0m  [["key", "environment"], ["LIMIT", 1]]
  ↳ bin/rails:4
  [1m[35m (0.1ms)[0m  [1m[36mbegin transaction[0m
  ↳ bin/rails:4
  [1m[35m (0.0ms)[0m  [1m[36mcommit transaction[0m
  ↳ bin/rails:4
  [1m[35m (0.1ms)[0m  [1m[34mSELECT "schema_migrations"."version" FROM "schema_migrations" ORDER BY "schema_migrations"."version" ASC[0m
  ↳ bin/rails:4
