Started GET "/" for 127.0.0.1 at 2018-06-20 14:58:57 +1000
Processing by PagesController#home as HTML
  Rendering pages/home.html.erb within layouts/application
  Rendered pages/home.html.erb within layouts/application (25.8ms)
Completed 500 Internal Server Error in 660ms (ActiveRecord: 0.0ms)


  
ActionView::Template::Error (Invalid CSS after "...e hotPinkItalic": expected "}", was "padding: $padding;"):
     5:     <%= csrf_meta_tags %>
     6:     <%= csp_meta_tag %>
     7: 
     8:     <%= stylesheet_link_tag    'application', media: 'all' %>
     9:     <%= javascript_include_tag 'application' %>
    10:   </head>
    11: 
  
app/assets/stylesheets/pages.scss:28
app/views/layouts/application.html.erb:8:in `_app_views_layouts_application_html_erb__3426710388733580757_70138477645840'
Started GET "/" for 127.0.0.1 at 2018-06-20 14:59:37 +1000
Processing by PagesController#home as HTML
  Rendering pages/home.html.erb within layouts/application
  Rendered pages/home.html.erb within layouts/application (0.5ms)
Completed 500 Internal Server Error in 19ms (ActiveRecord: 0.0ms)


  
ActionView::Template::Error (Invalid CSS after "...e hotPinkItalic": expected "}", was "padding: $padding;"):
     5:     <%= csrf_meta_tags %>
     6:     <%= csp_meta_tag %>
     7: 
     8:     <%= stylesheet_link_tag    'application', media: 'all' %>
     9:     <%= javascript_include_tag 'application' %>
    10:   </head>
    11: 
  
app/assets/stylesheets/pages.scss:28
app/views/layouts/application.html.erb:8:in `_app_views_layouts_application_html_erb__3426710388733580757_70138478458420'
Started GET "/" for 127.0.0.1 at 2018-06-20 15:00:37 +1000
Processing by PagesController#home as HTML
  Rendering pages/home.html.erb within layouts/application
  Rendered pages/home.html.erb within layouts/application (0.5ms)
Completed 200 OK in 800ms (Views: 797.3ms | ActiveRecord: 0.0ms)


Started GET "/" for 127.0.0.1 at 2018-06-20 15:03:17 +1000
Processing by PagesController#home as HTML
  Rendering pages/home.html.erb within layouts/application
  Rendered pages/home.html.erb within layouts/application (0.5ms)
Completed 200 OK in 31ms (Views: 27.7ms | ActiveRecord: 0.0ms)


Started GET "/" for 127.0.0.1 at 2018-06-20 15:08:05 +1000
Processing by PagesController#home as HTML
  Rendering pages/home.html.erb within layouts/application
  Rendered pages/home.html.erb within layouts/application (0.5ms)
Completed 200 OK in 74ms (Views: 70.8ms | ActiveRecord: 0.0ms)


Started GET "/" for 127.0.0.1 at 2018-06-20 15:12:39 +1000
Processing by PagesController#home as HTML
  Rendering pages/home.html.erb within layouts/application
  Rendered pages/home.html.erb within layouts/application (0.5ms)
Completed 200 OK in 95ms (Views: 91.3ms | ActiveRecord: 0.0ms)


Started GET "/" for 127.0.0.1 at 2018-06-27 12:03:07 +1000
Processing by PagesController#home as HTML
  Rendering pages/home.html.erb within layouts/application
  Rendered pages/home.html.erb within layouts/application (10.2ms)
Completed 200 OK in 898ms (Views: 887.3ms | ActiveRecord: 0.0ms)


Started GET "/flex" for 127.0.0.1 at 2018-06-27 12:03:14 +1000
Processing by PagesController#flex as HTML
  Rendering pages/flex.html.erb within layouts/application
  Rendered pages/flex.html.erb within layouts/application (0.5ms)
Completed 200 OK in 35ms (Views: 30.7ms | ActiveRecord: 0.0ms)


Started GET "/flex" for 127.0.0.1 at 2018-06-27 12:05:18 +1000
Processing by PagesController#flex as HTML
  Rendering pages/flex.html.erb within layouts/application
  Rendered pages/flex.html.erb within layouts/application (0.5ms)
Completed 200 OK in 76ms (Views: 72.6ms | ActiveRecord: 0.0ms)


Started GET "/flex" for 127.0.0.1 at 2018-06-27 12:08:18 +1000
Processing by PagesController#flex as HTML
  Rendering pages/flex.html.erb within layouts/application
  Rendered pages/flex.html.erb within layouts/application (0.4ms)
Completed 200 OK in 99ms (Views: 94.5ms | ActiveRecord: 0.0ms)


Started GET "/flex" for 127.0.0.1 at 2018-06-27 12:11:02 +1000
Processing by PagesController#flex as HTML
  Rendering pages/flex.html.erb within layouts/application
  Rendered pages/flex.html.erb within layouts/application (0.7ms)
Completed 200 OK in 528ms (Views: 524.2ms | ActiveRecord: 0.0ms)


Started GET "/flex" for 127.0.0.1 at 2018-06-27 12:11:03 +1000
Processing by PagesController#flex as HTML
  Rendering pages/flex.html.erb within layouts/application
  Rendered pages/flex.html.erb within layouts/application (0.6ms)
Completed 200 OK in 126ms (Views: 121.5ms | ActiveRecord: 0.0ms)


Started GET "/flex" for 127.0.0.1 at 2018-06-27 12:12:01 +1000
Processing by PagesController#flex as HTML
  Rendering pages/flex.html.erb within layouts/application
  Rendered pages/flex.html.erb within layouts/application (0.4ms)
Completed 200 OK in 92ms (Views: 88.8ms | ActiveRecord: 0.0ms)


Started GET "/flex" for 127.0.0.1 at 2018-06-27 12:13:22 +1000
Processing by PagesController#flex as HTML
  Rendering pages/flex.html.erb within layouts/application
  Rendered pages/flex.html.erb within layouts/application (0.8ms)
Completed 200 OK in 397ms (Views: 391.6ms | ActiveRecord: 0.0ms)


Started GET "/flex" for 127.0.0.1 at 2018-06-27 12:13:56 +1000
Processing by PagesController#flex as HTML
  Rendering pages/flex.html.erb within layouts/application
  Rendered pages/flex.html.erb within layouts/application (0.5ms)
Completed 200 OK in 31ms (Views: 27.4ms | ActiveRecord: 0.0ms)


Started GET "/flex" for 127.0.0.1 at 2018-06-27 12:14:44 +1000
Processing by PagesController#flex as HTML
  Rendering pages/flex.html.erb within layouts/application
  Rendered pages/flex.html.erb within layouts/application (0.5ms)
Completed 200 OK in 91ms (Views: 87.9ms | ActiveRecord: 0.0ms)


Started GET "/flex" for 127.0.0.1 at 2018-06-27 12:15:35 +1000
Processing by PagesController#flex as HTML
  Rendering pages/flex.html.erb within layouts/application
  Rendered pages/flex.html.erb within layouts/application (0.5ms)
Completed 200 OK in 137ms (Views: 134.2ms | ActiveRecord: 0.0ms)


Started GET "/flex" for 127.0.0.1 at 2018-06-27 12:16:06 +1000
Processing by PagesController#flex as HTML
  Rendering pages/flex.html.erb within layouts/application
  Rendered pages/flex.html.erb within layouts/application (1.0ms)
Completed 200 OK in 274ms (Views: 268.6ms | ActiveRecord: 0.0ms)


Started GET "/flex" for 127.0.0.1 at 2018-06-27 12:16:08 +1000
Processing by PagesController#flex as HTML
  Rendering pages/flex.html.erb within layouts/application
  Rendered pages/flex.html.erb within layouts/application (0.5ms)
Completed 200 OK in 31ms (Views: 28.3ms | ActiveRecord: 0.0ms)


Started GET "/flex" for 127.0.0.1 at 2018-06-27 12:18:37 +1000
Processing by PagesController#flex as HTML
  Rendering pages/flex.html.erb within layouts/application
  Rendered pages/flex.html.erb within layouts/application (0.4ms)
Completed 200 OK in 25ms (Views: 23.0ms | ActiveRecord: 0.0ms)


Started GET "/flex" for 127.0.0.1 at 2018-06-27 12:25:27 +1000
Processing by PagesController#flex as HTML
  Rendering pages/flex.html.erb within layouts/application
  Rendered pages/flex.html.erb within layouts/application (0.9ms)
Completed 200 OK in 169ms (Views: 165.0ms | ActiveRecord: 0.0ms)


Started GET "/flex" for 127.0.0.1 at 2018-06-27 12:26:34 +1000
Processing by PagesController#flex as HTML
  Rendering pages/flex.html.erb within layouts/application
  Rendered pages/flex.html.erb within layouts/application (1.4ms)
Completed 200 OK in 232ms (Views: 226.8ms | ActiveRecord: 0.0ms)


Started GET "/flex" for 127.0.0.1 at 2018-06-27 12:26:58 +1000
Processing by PagesController#flex as HTML
  Rendering pages/flex.html.erb within layouts/application
  Rendered pages/flex.html.erb within layouts/application (5.0ms)
Completed 200 OK in 429ms (Views: 423.6ms | ActiveRecord: 0.0ms)


Started GET "/flex" for 127.0.0.1 at 2018-06-27 12:29:10 +1000
Processing by PagesController#flex as HTML
  Rendering pages/flex.html.erb within layouts/application
  Rendered pages/flex.html.erb within layouts/application (4.8ms)
Completed 200 OK in 385ms (Views: 379.5ms | ActiveRecord: 0.0ms)


Started GET "/flex" for 127.0.0.1 at 2018-06-27 12:29:30 +1000
Processing by PagesController#flex as HTML
  Rendering pages/flex.html.erb within layouts/application
  Rendered pages/flex.html.erb within layouts/application (1.4ms)
Completed 200 OK in 436ms (Views: 432.8ms | ActiveRecord: 0.0ms)


Started GET "/flex" for 127.0.0.1 at 2018-06-27 12:30:21 +1000
Processing by PagesController#flex as HTML
  Rendering pages/flex.html.erb within layouts/application
  Rendered pages/flex.html.erb within layouts/application (1.2ms)
Completed 200 OK in 438ms (Views: 433.0ms | ActiveRecord: 0.0ms)


Started GET "/grid" for 127.0.0.1 at 2018-06-27 12:36:57 +1000
Processing by PagesController#grid as HTML
  Rendering pages/grid.html.erb within layouts/application
  Rendered pages/grid.html.erb within layouts/application (0.6ms)
Completed 200 OK in 152ms (Views: 146.5ms | ActiveRecord: 0.0ms)


Started GET "/grid" for 127.0.0.1 at 2018-06-27 12:38:09 +1000
Processing by PagesController#grid as HTML
  Rendering pages/grid.html.erb within layouts/application
  Rendered pages/grid.html.erb within layouts/application (0.4ms)
Completed 200 OK in 162ms (Views: 159.4ms | ActiveRecord: 0.0ms)


Started GET "/grid" for 127.0.0.1 at 2018-06-27 12:38:20 +1000
Processing by PagesController#grid as HTML
  Rendering pages/grid.html.erb within layouts/application
  Rendered pages/grid.html.erb within layouts/application (0.8ms)
Completed 200 OK in 482ms (Views: 477.0ms | ActiveRecord: 0.0ms)


Started GET "/grid" for 127.0.0.1 at 2018-06-27 12:38:42 +1000
Processing by PagesController#grid as HTML
  Rendering pages/grid.html.erb within layouts/application
  Rendered pages/grid.html.erb within layouts/application (0.4ms)
Completed 200 OK in 31ms (Views: 27.9ms | ActiveRecord: 0.0ms)


Started GET "/grid" for 127.0.0.1 at 2018-06-27 12:38:43 +1000
Processing by PagesController#grid as HTML
  Rendering pages/grid.html.erb within layouts/application
  Rendered pages/grid.html.erb within layouts/application (0.5ms)
Completed 200 OK in 27ms (Views: 21.7ms | ActiveRecord: 0.0ms)


Started GET "/grid" for 127.0.0.1 at 2018-06-27 12:38:52 +1000
Processing by PagesController#grid as HTML
  Rendering pages/grid.html.erb within layouts/application
  Rendered pages/grid.html.erb within layouts/application (0.8ms)
Completed 200 OK in 600ms (Views: 595.6ms | ActiveRecord: 0.0ms)


Started GET "/grid" for 127.0.0.1 at 2018-06-27 12:39:36 +1000
Processing by PagesController#grid as HTML
  Rendering pages/grid.html.erb within layouts/application
  Rendered pages/grid.html.erb within layouts/application (0.6ms)
Completed 200 OK in 150ms (Views: 146.2ms | ActiveRecord: 0.0ms)


Started GET "/grid" for 127.0.0.1 at 2018-06-27 12:40:28 +1000
Processing by PagesController#grid as HTML
  Rendering pages/grid.html.erb within layouts/application
  Rendered pages/grid.html.erb within layouts/application (0.6ms)
Completed 200 OK in 258ms (Views: 251.8ms | ActiveRecord: 0.0ms)


Started GET "/grid" for 127.0.0.1 at 2018-06-27 12:41:15 +1000
Processing by PagesController#grid as HTML
  Rendering pages/grid.html.erb within layouts/application
  Rendered pages/grid.html.erb within layouts/application (0.6ms)
Completed 200 OK in 638ms (Views: 631.8ms | ActiveRecord: 0.0ms)


Started GET "/grid" for 127.0.0.1 at 2018-06-27 12:43:14 +1000
Processing by PagesController#grid as HTML
  Rendering pages/grid.html.erb within layouts/application
  Rendered pages/grid.html.erb within layouts/application (0.9ms)
Completed 200 OK in 39ms (Views: 36.4ms | ActiveRecord: 0.0ms)


Started GET "/grid" for 127.0.0.1 at 2018-06-27 12:45:25 +1000
Processing by PagesController#grid as HTML
  Rendering pages/grid.html.erb within layouts/application
  Rendered pages/grid.html.erb within layouts/application (3.1ms)
Completed 200 OK in 210ms (Views: 198.7ms | ActiveRecord: 0.0ms)


Started GET "/grid" for 127.0.0.1 at 2018-06-27 12:48:28 +1000
Processing by PagesController#grid as HTML
  Rendering pages/grid.html.erb within layouts/application
  Rendered pages/grid.html.erb within layouts/application (1.8ms)
Completed 200 OK in 257ms (Views: 251.4ms | ActiveRecord: 0.0ms)


Started GET "/grid" for 127.0.0.1 at 2018-06-27 12:51:27 +1000
Processing by PagesController#grid as HTML
  Rendering pages/grid.html.erb within layouts/application
  Rendered pages/grid.html.erb within layouts/application (1.6ms)
Completed 200 OK in 162ms (Views: 157.6ms | ActiveRecord: 0.0ms)


Started GET "/rails/info/routes" for 127.0.0.1 at 2018-06-27 12:51:30 +1000
Processing by Rails::InfoController#routes as HTML
  Rendering /Users/anh/.rvm/gems/ruby-2.4.1/gems/railties-5.2.0/lib/rails/templates/rails/info/routes.html.erb within layouts/application
  Rendered collection of /Users/anh/.rvm/gems/ruby-2.4.1/gems/actionpack-5.2.0/lib/action_dispatch/middleware/templates/routes/_route.html.erb [9 times] (62.9ms)
  Rendered /Users/anh/.rvm/gems/ruby-2.4.1/gems/actionpack-5.2.0/lib/action_dispatch/middleware/templates/routes/_table.html.erb (45.9ms)
  Rendered /Users/anh/.rvm/gems/ruby-2.4.1/gems/railties-5.2.0/lib/rails/templates/rails/info/routes.html.erb within layouts/application (152.9ms)
Completed 200 OK in 230ms (Views: 205.0ms | ActiveRecord: 0.0ms)


Started GET "/responsive" for 127.0.0.1 at 2018-06-27 12:51:31 +1000
Processing by PagesController#responsive as HTML
  Rendering pages/responsive.html.erb within layouts/application
  Rendered pages/responsive.html.erb within layouts/application (0.4ms)
Completed 200 OK in 28ms (Views: 25.5ms | ActiveRecord: 0.0ms)


Started GET "/responsive" for 127.0.0.1 at 2018-06-27 13:01:21 +1000
Processing by PagesController#responsive as HTML
  Rendering pages/responsive.html.erb within layouts/application
  Rendered pages/responsive.html.erb within layouts/application (0.6ms)
Completed 200 OK in 534ms (Views: 528.0ms | ActiveRecord: 0.0ms)


Started GET "/responsive" for 127.0.0.1 at 2018-06-27 13:01:59 +1000
Processing by PagesController#responsive as HTML
  Rendering pages/responsive.html.erb within layouts/application
  Rendered pages/responsive.html.erb within layouts/application (0.6ms)
Completed 200 OK in 244ms (Views: 238.7ms | ActiveRecord: 0.0ms)


Started GET "/responsive" for 127.0.0.1 at 2018-06-27 13:02:17 +1000
Processing by PagesController#responsive as HTML
  Rendering pages/responsive.html.erb within layouts/application
  Rendered pages/responsive.html.erb within layouts/application (0.6ms)
Completed 200 OK in 337ms (Views: 331.4ms | ActiveRecord: 0.0ms)


Started GET "/responsive" for 127.0.0.1 at 2018-06-27 13:03:52 +1000
Processing by PagesController#responsive as HTML
  Rendering pages/responsive.html.erb within layouts/application
  Rendered pages/responsive.html.erb within layouts/application (1.0ms)
Completed 200 OK in 521ms (Views: 516.4ms | ActiveRecord: 0.0ms)


Started GET "/" for 127.0.0.1 at 2018-06-27 17:08:35 +1000
Processing by PagesController#home as HTML
  Rendering pages/home.html.erb within layouts/application
  Rendered pages/home.html.erb within layouts/application (4.1ms)
Completed 200 OK in 408ms (Views: 399.7ms | ActiveRecord: 0.0ms)


Started GET "/flex" for 127.0.0.1 at 2018-06-27 17:08:41 +1000
Processing by PagesController#flex as HTML
  Rendering pages/flex.html.erb within layouts/application
  Rendered pages/flex.html.erb within layouts/application (1.0ms)
Completed 200 OK in 28ms (Views: 23.6ms | ActiveRecord: 0.0ms)


